<?xml version="1.0" encoding="UTF-8"?>
<testng-results skipped="0" failed="1" total="4" passed="3">
  <reporter-output>
  </reporter-output>
  <suite name="PracticeWeb" duration-ms="47213" started-at="2015-12-27T15:59:18Z" finished-at="2015-12-27T16:00:05Z">
    <groups>
    </groups>
    <test name="PracticeWebTest" duration-ms="47213" started-at="2015-12-27T15:59:18Z" finished-at="2015-12-27T16:00:05Z">
      <class name="sac.PracticeWeb.Test.DemoSitePageTest">
        <test-method status="PASS" signature="beforeClass()[pri:0, instance:sac.PracticeWeb.Test.DemoSitePageTest@506e6d5e]" name="beforeClass" is-config="true" duration-ms="1" started-at="2015-12-27T21:29:55Z" finished-at="2015-12-27T21:29:55Z">
          <reporter-output>
          </reporter-output>
        </test-method> <!-- beforeClass -->
        <test-method status="PASS" signature="waitBeforeCallingTestMethod()[pri:0, instance:sac.PracticeWeb.Test.DemoSitePageTest@506e6d5e]" name="waitBeforeCallingTestMethod" is-config="true" duration-ms="356" started-at="2015-12-27T21:29:55Z" finished-at="2015-12-27T21:29:55Z">
          <reporter-output>
          </reporter-output>
        </test-method> <!-- waitBeforeCallingTestMethod -->
        <test-method status="PASS" signature="testLoginToDemoSite()[pri:0, instance:sac.PracticeWeb.Test.DemoSitePageTest@506e6d5e]" name="testLoginToDemoSite" duration-ms="4237" started-at="2015-12-27T21:29:55Z" finished-at="2015-12-27T21:30:00Z">
          <reporter-output>
          </reporter-output>
        </test-method> <!-- testLoginToDemoSite -->
      </class> <!-- sac.PracticeWeb.Test.DemoSitePageTest -->
      <class name="sac.PracticeWeb.baseSetUp.TestBaseSetUp">
        <test-method status="PASS" signature="setUp()[pri:0, instance:sac.PracticeWeb.baseSetUp.TestBaseSetUp@2812cbfa]" name="setUp" is-config="true" duration-ms="5378" started-at="2015-12-27T21:29:12Z" finished-at="2015-12-27T21:29:18Z">
          <reporter-output>
          </reporter-output>
        </test-method> <!-- setUp -->
        <test-method status="PASS" signature="tearDown()[pri:0, instance:sac.PracticeWeb.baseSetUp.TestBaseSetUp@2812cbfa]" name="tearDown" is-config="true" duration-ms="1" started-at="2015-12-27T21:30:05Z" finished-at="2015-12-27T21:30:05Z">
          <reporter-output>
          </reporter-output>
        </test-method> <!-- tearDown -->
      </class> <!-- sac.PracticeWeb.baseSetUp.TestBaseSetUp -->
      <class name="sac.PracticeWeb.Test.DraggablePageTest">
        <test-method status="PASS" signature="waitBeforeCallingTestMethod()[pri:0, instance:sac.PracticeWeb.Test.DraggablePageTest@96532d6]" name="waitBeforeCallingTestMethod" is-config="true" duration-ms="52" started-at="2015-12-27T21:30:00Z" finished-at="2015-12-27T21:30:00Z">
          <reporter-output>
          </reporter-output>
        </test-method> <!-- waitBeforeCallingTestMethod -->
        <test-method status="PASS" signature="beforeClass()[pri:0, instance:sac.PracticeWeb.Test.DraggablePageTest@96532d6]" name="beforeClass" is-config="true" duration-ms="0" started-at="2015-12-27T21:30:00Z" finished-at="2015-12-27T21:30:00Z">
          <reporter-output>
          </reporter-output>
        </test-method> <!-- beforeClass -->
        <test-method status="FAIL" signature="testClickDraggableInteraction()[pri:0, instance:sac.PracticeWeb.Test.DraggablePageTest@96532d6]" name="testClickDraggableInteraction" duration-ms="5118" started-at="2015-12-27T21:30:00Z" finished-at="2015-12-27T21:30:05Z">
          <exception class="org.openqa.selenium.StaleElementReferenceException">
            <message>
              <![CDATA[Element not found in the cache - perhaps the page has changed since it was looked up
Command duration or timeout: 5.06 seconds
For documentation on this error, please visit: http://seleniumhq.org/exceptions/stale_element_reference.html
Build info: version: '2.48.2', revision: '41bccdd10cf2c0560f637404c2d96164b67d9d67', time: '2015-10-09 13:08:06'
System info: host: 'GunjanSachin', ip: '192.168.1.11', os.name: 'Windows 7', os.arch: 'amd64', os.version: '6.1', java.version: '1.8.0_60'
Driver info: org.openqa.selenium.firefox.FirefoxDriver
Capabilities [{applicationCacheEnabled=true, rotatable=false, handlesAlerts=true, databaseEnabled=true, version=43.0.2, platform=WINDOWS, nativeEvents=false, acceptSslCerts=true, webStorageEnabled=true, locationContextEnabled=true, browserName=firefox, takesScreenshot=true, javascriptEnabled=true, cssSelectorsEnabled=true}]
Session ID: e6ef1e37-e767-4ae3-8675-6a7ebdca483d]]>
            </message>
            <full-stacktrace>
              <![CDATA[org.openqa.selenium.StaleElementReferenceException: Element not found in the cache - perhaps the page has changed since it was looked up
Command duration or timeout: 5.06 seconds
For documentation on this error, please visit: http://seleniumhq.org/exceptions/stale_element_reference.html
Build info: version: '2.48.2', revision: '41bccdd10cf2c0560f637404c2d96164b67d9d67', time: '2015-10-09 13:08:06'
System info: host: 'GunjanSachin', ip: '192.168.1.11', os.name: 'Windows 7', os.arch: 'amd64', os.version: '6.1', java.version: '1.8.0_60'
Driver info: org.openqa.selenium.firefox.FirefoxDriver
Capabilities [{applicationCacheEnabled=true, rotatable=false, handlesAlerts=true, databaseEnabled=true, version=43.0.2, platform=WINDOWS, nativeEvents=false, acceptSslCerts=true, webStorageEnabled=true, locationContextEnabled=true, browserName=firefox, takesScreenshot=true, javascriptEnabled=true, cssSelectorsEnabled=true}]
Session ID: e6ef1e37-e767-4ae3-8675-6a7ebdca483d
	at sun.reflect.NativeConstructorAccessorImpl.newInstance0(Native Method)
	at sun.reflect.NativeConstructorAccessorImpl.newInstance(NativeConstructorAccessorImpl.java:62)
	at sun.reflect.DelegatingConstructorAccessorImpl.newInstance(DelegatingConstructorAccessorImpl.java:45)
	at java.lang.reflect.Constructor.newInstance(Constructor.java:422)
	at org.openqa.selenium.remote.ErrorHandler.createThrowable(ErrorHandler.java:206)
	at org.openqa.selenium.remote.ErrorHandler.throwIfResponseFailed(ErrorHandler.java:158)
	at org.openqa.selenium.remote.RemoteWebDriver.execute(RemoteWebDriver.java:647)
	at org.openqa.selenium.remote.RemoteWebElement.execute(RemoteWebElement.java:326)
	at org.openqa.selenium.remote.RemoteWebElement.click(RemoteWebElement.java:84)
	at sac.PracticeWeb.PageObject.DraggablePage.clickDraggableInteraction(DraggablePage.java:19)
	at sac.PracticeWeb.Test.DraggablePageTest.testClickDraggableInteraction(DraggablePageTest.java:41)
	at sun.reflect.NativeMethodAccessorImpl.invoke0(Native Method)
	at sun.reflect.NativeMethodAccessorImpl.invoke(NativeMethodAccessorImpl.java:62)
	at sun.reflect.DelegatingMethodAccessorImpl.invoke(DelegatingMethodAccessorImpl.java:43)
	at java.lang.reflect.Method.invoke(Method.java:497)
	at org.testng.internal.MethodInvocationHelper.invokeMethod(MethodInvocationHelper.java:86)
	at org.testng.internal.Invoker.invokeMethod(Invoker.java:643)
	at org.testng.internal.Invoker.invokeTestMethod(Invoker.java:820)
	at org.testng.internal.Invoker.invokeTestMethods(Invoker.java:1128)
	at org.testng.internal.TestMethodWorker.invokeTestMethods(TestMethodWorker.java:129)
	at org.testng.internal.TestMethodWorker.run(TestMethodWorker.java:112)
	at org.testng.TestRunner.privateRun(TestRunner.java:782)
	at org.testng.TestRunner.run(TestRunner.java:632)
	at org.testng.SuiteRunner.runTest(SuiteRunner.java:366)
	at org.testng.SuiteRunner.runSequentially(SuiteRunner.java:361)
	at org.testng.SuiteRunner.privateRun(SuiteRunner.java:319)
	at org.testng.SuiteRunner.run(SuiteRunner.java:268)
	at org.testng.SuiteRunnerWorker.runSuite(SuiteRunnerWorker.java:52)
	at org.testng.SuiteRunnerWorker.run(SuiteRunnerWorker.java:86)
	at org.testng.TestNG.runSuitesSequentially(TestNG.java:1244)
	at org.testng.TestNG.runSuitesLocally(TestNG.java:1169)
	at org.testng.TestNG.run(TestNG.java:1064)
	at org.apache.maven.surefire.testng.TestNGExecutor.run(TestNGExecutor.java:295)
	at org.apache.maven.surefire.testng.TestNGXmlTestSuite.execute(TestNGXmlTestSuite.java:84)
	at org.apache.maven.surefire.testng.TestNGProvider.invoke(TestNGProvider.java:90)
	at org.apache.maven.surefire.booter.ForkedBooter.invokeProviderInSameClassLoader(ForkedBooter.java:203)
	at org.apache.maven.surefire.booter.ForkedBooter.runSuitesInProcess(ForkedBooter.java:155)
	at org.apache.maven.surefire.booter.ForkedBooter.main(ForkedBooter.java:103)
Caused by: org.openqa.selenium.StaleElementReferenceException: Element not found in the cache - perhaps the page has changed since it was looked up
For documentation on this error, please visit: http://seleniumhq.org/exceptions/stale_element_reference.html
Build info: version: '2.48.2', revision: '41bccdd10cf2c0560f637404c2d96164b67d9d67', time: '2015-10-09 13:08:06'
System info: host: 'GunjanSachin', ip: '192.168.1.11', os.name: 'Windows 7', os.arch: 'amd64', os.version: '6.1', java.version: '1.8.0_60'
Driver info: driver.version: unknown
	at <anonymous class>.fxdriver.cache.getElementAt(resource://fxdriver/modules/web-element-cache.js:9351)
	at <anonymous class>.Utils.getElementAt(file:///C:/Users/use/AppData/Local/Temp/anonymous7623731880070983641webdriver-profile/extensions/fxdriver@googlecode.com/components/command-processor.js:8978)
	at <anonymous class>.fxdriver.preconditions.visible(file:///C:/Users/use/AppData/Local/Temp/anonymous7623731880070983641webdriver-profile/extensions/fxdriver@googlecode.com/components/command-processor.js:9979)
	at <anonymous class>.DelayedCommand.prototype.checkPreconditions_(file:///C:/Users/use/AppData/Local/Temp/anonymous7623731880070983641webdriver-profile/extensions/fxdriver@googlecode.com/components/command-processor.js:12517)
	at <anonymous class>.DelayedCommand.prototype.executeInternal_/h(file:///C:/Users/use/AppData/Local/Temp/anonymous7623731880070983641webdriver-profile/extensions/fxdriver@googlecode.com/components/command-processor.js:12534)
	at <anonymous class>.fxdriver.Timer.prototype.setTimeout/<.notify(file:///C:/Users/use/AppData/Local/Temp/anonymous7623731880070983641webdriver-profile/extensions/fxdriver@googlecode.com/components/command-processor.js:621)
]]>
            </full-stacktrace>
          </exception> <!-- org.openqa.selenium.StaleElementReferenceException -->
          <reporter-output>
          </reporter-output>
        </test-method> <!-- testClickDraggableInteraction -->
      </class> <!-- sac.PracticeWeb.Test.DraggablePageTest -->
      <class name="sac.PracticeWeb.Test.HomePageTest">
        <test-method status="PASS" signature="beforeClass()[pri:0, instance:sac.PracticeWeb.Test.HomePageTest@2acf57e3]" name="beforeClass" is-config="true" duration-ms="2" started-at="2015-12-27T21:29:18Z" finished-at="2015-12-27T21:29:18Z">
          <reporter-output>
          </reporter-output>
        </test-method> <!-- beforeClass -->
        <test-method status="PASS" signature="waitBeforeCallingTestMethod()[pri:0, instance:sac.PracticeWeb.Test.HomePageTest@2acf57e3]" name="waitBeforeCallingTestMethod" is-config="true" duration-ms="3450" started-at="2015-12-27T21:29:18Z" finished-at="2015-12-27T21:29:21Z">
          <reporter-output>
          </reporter-output>
        </test-method> <!-- waitBeforeCallingTestMethod -->
        <test-method status="PASS" signature="testAssetPageTitle()[pri:0, instance:sac.PracticeWeb.Test.HomePageTest@2acf57e3]" name="testAssetPageTitle" duration-ms="19" started-at="2015-12-27T21:29:21Z" finished-at="2015-12-27T21:29:21Z">
          <reporter-output>
          </reporter-output>
        </test-method> <!-- testAssetPageTitle -->
        <test-method status="PASS" signature="waitBeforeCallingTestMethod()[pri:0, instance:sac.PracticeWeb.Test.HomePageTest@2acf57e3]" name="waitBeforeCallingTestMethod" is-config="true" duration-ms="14" started-at="2015-12-27T21:29:21Z" finished-at="2015-12-27T21:29:21Z">
          <reporter-output>
          </reporter-output>
        </test-method> <!-- waitBeforeCallingTestMethod -->
        <test-method status="PASS" signature="testNavigateToDemoSite()[pri:0, instance:sac.PracticeWeb.Test.HomePageTest@2acf57e3]" name="testNavigateToDemoSite" duration-ms="33929" started-at="2015-12-27T21:29:21Z" finished-at="2015-12-27T21:29:55Z">
          <reporter-output>
          </reporter-output>
        </test-method> <!-- testNavigateToDemoSite -->
      </class> <!-- sac.PracticeWeb.Test.HomePageTest -->
    </test> <!-- PracticeWebTest -->
  </suite> <!-- PracticeWeb -->
</testng-results>
